<?xml version="1.0" encoding="UTF-8"?>
<testng-results ignored="0" total="1" passed="1" failed="0" skipped="0">
  <reporter-output>
  </reporter-output>
  <suite started-at="2022-03-14T12:59:49 IST" name="Default suite" finished-at="2022-03-14T13:02:07 IST" duration-ms="138124">
    <groups>
    </groups>
    <test started-at="2022-03-14T12:59:49 IST" name="Default test" finished-at="2022-03-14T13:02:07 IST" duration-ms="138124">
      <class name="com.Guru_Bank.testcases.TC_LoginTest_001">
        <test-method is-config="true" signature="setUp()[pri:0, instance:com.Guru_Bank.testcases.TC_LoginTest_001@59505b48]" started-at="2022-03-14T12:59:49 IST" name="setUp" finished-at="2022-03-14T12:59:56 IST" duration-ms="6587" status="PASS">
          <reporter-output>
          </reporter-output>
        </test-method> <!-- setUp -->
        <test-method signature="loginTest()[pri:0, instance:com.Guru_Bank.testcases.TC_LoginTest_001@59505b48]" started-at="2022-03-14T12:59:56 IST" name="loginTest" finished-at="2022-03-14T13:02:06 IST" duration-ms="130227" status="PASS">
          <reporter-output>
          </reporter-output>
        </test-method> <!-- loginTest -->
        <test-method is-config="true" signature="tearDown(org.testng.ITestResult)[pri:0, instance:com.Guru_Bank.testcases.TC_LoginTest_001@59505b48]" started-at="2022-03-14T13:02:06 IST" name="tearDown" finished-at="2022-03-14T13:02:06 IST" duration-ms="205" status="PASS">
          <params>
            <param index="0">
              <value>
                <![CDATA[[TestResult name=loginTest status=SUCCESS method=TC_LoginTest_001.loginTest()[pri:0, instance:com.Guru_Bank.testcases.TC_LoginTest_001@59505b48] output={null}]]]>
              </value>
            </param>
          </params>
          <reporter-output>
          </reporter-output>
        </test-method> <!-- tearDown -->
        <test-method is-config="true" signature="tearDown()[pri:0, instance:com.Guru_Bank.testcases.TC_LoginTest_001@59505b48]" started-at="2022-03-14T13:02:06 IST" name="tearDown" finished-at="2022-03-14T13:02:07 IST" duration-ms="1062" status="PASS">
          <reporter-output>
          </reporter-output>
        </test-method> <!-- tearDown -->
      </class> <!-- com.Guru_Bank.testcases.TC_LoginTest_001 -->
    </test> <!-- Default test -->
  </suite> <!-- Default suite -->
</testng-results>
